[0.449s] Invoking command in '/home/takumi/ros2_ws/src/mypkg': PYTHONPATH=/home/takumi/ros2_ws/src/mypkg/build/mypkg/prefix_override:/home/takumi/ros2_ws/src/mypkg/install/mypkg/lib/python3.10/site-packages:${PYTHONPATH} /usr/bin/python3 setup.py egg_info --egg-base build/mypkg build --build-base /home/takumi/ros2_ws/src/mypkg/build/mypkg/build install --record /home/takumi/ros2_ws/src/mypkg/build/mypkg/install.log --single-version-externally-managed
[0.584s] running egg_info
[0.585s] writing build/mypkg/mypkg.egg-info/PKG-INFO
[0.585s] writing dependency_links to build/mypkg/mypkg.egg-info/dependency_links.txt
[0.585s] writing entry points to build/mypkg/mypkg.egg-info/entry_points.txt
[0.586s] writing requirements to build/mypkg/mypkg.egg-info/requires.txt
[0.586s] writing top-level names to build/mypkg/mypkg.egg-info/top_level.txt
[0.587s] reading manifest file 'build/mypkg/mypkg.egg-info/SOURCES.txt'
[0.588s] writing manifest file 'build/mypkg/mypkg.egg-info/SOURCES.txt'
[0.588s] running build
[0.589s] running build_py
[0.589s] copying mypkg/talker.py -> /home/takumi/ros2_ws/src/mypkg/build/mypkg/build/lib/mypkg
[0.589s] running install
[0.590s] running install_lib
[0.590s] /usr/lib/python3/dist-packages/setuptools/command/install.py:34: SetuptoolsDeprecationWarning: setup.py install is deprecated. Use build and pip and other standards-based tools.
[0.590s]   warnings.warn(
[0.590s] copying /home/takumi/ros2_ws/src/mypkg/build/mypkg/build/lib/mypkg/talker.py -> /home/takumi/ros2_ws/src/mypkg/install/mypkg/lib/python3.10/site-packages/mypkg
[0.591s] byte-compiling /home/takumi/ros2_ws/src/mypkg/install/mypkg/lib/python3.10/site-packages/mypkg/talker.py to talker.cpython-310.pyc
[0.592s] running install_data
[0.593s] copying package.xml -> /home/takumi/ros2_ws/src/mypkg/install/mypkg/share/mypkg
[0.593s] running install_egg_info
[0.594s] removing '/home/takumi/ros2_ws/src/mypkg/install/mypkg/lib/python3.10/site-packages/mypkg-0.0.0-py3.10.egg-info' (and everything under it)
[0.594s] Copying build/mypkg/mypkg.egg-info to /home/takumi/ros2_ws/src/mypkg/install/mypkg/lib/python3.10/site-packages/mypkg-0.0.0-py3.10.egg-info
[0.595s] running install_scripts
[0.610s] Installing talker script to /home/takumi/ros2_ws/src/mypkg/install/mypkg/lib/mypkg
[0.610s] writing list of installed files to '/home/takumi/ros2_ws/src/mypkg/build/mypkg/install.log'
[0.628s] Invoked command in '/home/takumi/ros2_ws/src/mypkg' returned '0': PYTHONPATH=/home/takumi/ros2_ws/src/mypkg/build/mypkg/prefix_override:/home/takumi/ros2_ws/src/mypkg/install/mypkg/lib/python3.10/site-packages:${PYTHONPATH} /usr/bin/python3 setup.py egg_info --egg-base build/mypkg build --build-base /home/takumi/ros2_ws/src/mypkg/build/mypkg/build install --record /home/takumi/ros2_ws/src/mypkg/build/mypkg/install.log --single-version-externally-managed
