[0.661s] Invoking command in '/home/takumi/ros2_ws/src/mypkg': PYTHONPATH=/home/takumi/ros2_ws/src/mypkg/build/mypkg/prefix_override:/home/takumi/ros2_ws/src/mypkg/install/mypkg/lib/python3.10/site-packages:${PYTHONPATH} /usr/bin/python3 setup.py egg_info --egg-base build/mypkg build --build-base /home/takumi/ros2_ws/src/mypkg/build/mypkg/build install --record /home/takumi/ros2_ws/src/mypkg/build/mypkg/install.log --single-version-externally-managed
[0.796s] running egg_info
[0.797s] writing build/mypkg/mypkg.egg-info/PKG-INFO
[0.797s] writing dependency_links to build/mypkg/mypkg.egg-info/dependency_links.txt
[0.797s] writing entry points to build/mypkg/mypkg.egg-info/entry_points.txt
[0.797s] writing requirements to build/mypkg/mypkg.egg-info/requires.txt
[0.797s] writing top-level names to build/mypkg/mypkg.egg-info/top_level.txt
[0.799s] reading manifest file 'build/mypkg/mypkg.egg-info/SOURCES.txt'
[0.799s] writing manifest file 'build/mypkg/mypkg.egg-info/SOURCES.txt'
[0.800s] running build
[0.800s] running build_py
[0.800s] running install
[0.800s] running install_lib
[0.801s] /usr/lib/python3/dist-packages/setuptools/command/install.py:34: SetuptoolsDeprecationWarning: setup.py install is deprecated. Use build and pip and other standards-based tools.
[0.801s]   warnings.warn(
[0.801s] running install_data
[0.802s] running install_egg_info
[0.803s] removing '/home/takumi/ros2_ws/src/mypkg/install/mypkg/lib/python3.10/site-packages/mypkg-0.0.0-py3.10.egg-info' (and everything under it)
[0.803s] Copying build/mypkg/mypkg.egg-info to /home/takumi/ros2_ws/src/mypkg/install/mypkg/lib/python3.10/site-packages/mypkg-0.0.0-py3.10.egg-info
[0.804s] running install_scripts
[0.818s] Installing listener script to /home/takumi/ros2_ws/src/mypkg/install/mypkg/lib/mypkg
[0.818s] Installing talker script to /home/takumi/ros2_ws/src/mypkg/install/mypkg/lib/mypkg
[0.819s] writing list of installed files to '/home/takumi/ros2_ws/src/mypkg/build/mypkg/install.log'
[0.836s] Invoked command in '/home/takumi/ros2_ws/src/mypkg' returned '0': PYTHONPATH=/home/takumi/ros2_ws/src/mypkg/build/mypkg/prefix_override:/home/takumi/ros2_ws/src/mypkg/install/mypkg/lib/python3.10/site-packages:${PYTHONPATH} /usr/bin/python3 setup.py egg_info --egg-base build/mypkg build --build-base /home/takumi/ros2_ws/src/mypkg/build/mypkg/build install --record /home/takumi/ros2_ws/src/mypkg/build/mypkg/install.log --single-version-externally-managed
